<?xml version="1.0" encoding="UTF-8"?>
<!-- Generated by org.testng.reporters.JUnitXMLReporter -->
<testsuite ignored="0" hostname="LAPTOP-PLNO5R2G" failures="0" tests="16" name="RediffFrameWorkTest" time="180.83" errors="0" timestamp="2023-06-26T21:27:45 PDT">
  <testcase classname="com.qa.rediff.testcases.Rediff_Landingpage_Test" name="validateTitleAndCurrentUrl" time="0.034"/>
  <testcase classname="com.qa.rediff.testcases.Rediff_Landingpage_Test" name="presenceOfSignInLink" time="0.061"/>
  <testcase classname="com.qa.rediff.testcases.Rediff_Landingpage_Test" name="presenceofRediffLogo" time="0.027"/>
  <testcase classname="com.qa.rediff.testcases.Rediff_SignInLink_Test" name="presenceofSignInLink" time="0.034"/>
  <testcase classname="com.qa.rediff.testcases.Rediff_Loginpage_Test" name="loginWithValidCredentialsUsingDataProvider" time="8.975"/>
  <testcase classname="com.qa.rediff.testcases.Rediff_Loginpage_Test" name="loginWithValidCredentialsUsingDataProvider" time="7.265"/>
  <testcase classname="com.qa.rediff.testcases.Rediff_Loginpage_Test" name="loginWithValidCredentialsUsingDataProvider" time="7.923"/>
  <testcase classname="com.qa.rediff.testcases.Rediff_Loginpage_Test" name="loginWithValidCredentialsUsingDataProvider" time="9.865"/>
  <testcase classname="com.qa.rediff.testcases.Rediff_Loginpage_Test" name="loginWithInValidCredentials" time="1.173"/>
  <testcase classname="com.qa.rediff.testcases.Rediff_Loginpage_Test" name="loginWithValidUsernameInvalidPassword" time="1.155"/>
  <testcase classname="com.qa.rediff.testcases.Rediff_Loginpage_Test" name="loginWithInvalidUsernameValidPassword" time="1.137"/>
  <testcase classname="com.qa.rediff.testcases.Rediff_Loginpage_Test" name="loginWithNoCredentials" time="0.064"/>
  <testcase classname="com.qa.rediff.testcases.Rediff_Inboxpage_Test" name="validateInboxPageWithInboxButtonDisplay" time="7.692"/>
  <testcase classname="com.qa.rediff.testcases.Rediff_Logoutpage_Test" name="validateLogoutFuctionalityWithLogoutMessage" time="11.009"/>
  <testcase classname="com.qa.rediff.testcases.Rediff_Homepage_Test" name="validityOfHomePageButton" time="11.92"/>
  <testcase classname="com.qa.rediff.testcases.Rediff_Links_Test" name="validateLinksPresentOnLandingPage" time="18.813"/>
</testsuite> <!-- RediffFrameWorkTest -->
